<?xml version="1.0" encoding="utf-8"?>
<test-run id="2" testcasecount="3" result="Passed" total="3" passed="3" failed="0" inconclusive="0" skipped="0" asserts="0" engine-version="3.5.0.0" clr-version="2.0.50727.1433" start-time="2018-09-05 07:05:19Z" end-time="2018-09-05 07:05:22Z" duration="3.292682">
  <test-suite type="TestSuite" id="1000" name="JenkinsTest" fullname="JenkinsTest" runstate="Runnable" testcasecount="3" result="Passed" start-time="2018-09-05 07:05:19Z" end-time="2018-09-05 07:05:22Z" duration="3.292682" total="3" passed="3" failed="0" inconclusive="0" skipped="0" asserts="0">
    <test-suite type="Assembly" id="1005" name="Assembly-CSharp.dll" fullname="C:/UnityProject/JenkinsTest/Library/ScriptAssemblies/Assembly-CSharp.dll" runstate="Runnable" testcasecount="3" result="Passed" start-time="2018-09-05 07:05:19Z" end-time="2018-09-05 07:05:22Z" duration="3.248372" total="3" passed="3" failed="0" inconclusive="0" skipped="0" asserts="0">
      <properties>
        <property name="_PID" value="23528" />
        <property name="_APPDOMAIN" value="Unity Child Domain" />
      </properties>
      <test-suite type="TestFixture" id="1001" name="NewPlayModeTest" fullname="NewPlayModeTest" classname="NewPlayModeTest" runstate="Runnable" testcasecount="3" result="Passed" start-time="2018-09-05 07:05:19Z" end-time="2018-09-05 07:05:22Z" duration="3.231232" total="3" passed="3" failed="0" inconclusive="0" skipped="0" asserts="0">
        <test-case id="1002" name="Test_1" fullname="NewPlayModeTest.Test_1" methodname="Test_1" classname="NewPlayModeTest" runstate="Runnable" seed="1742098750" result="Passed" start-time="2018-09-05 07:05:19Z" end-time="2018-09-05 07:05:20Z" duration="1.043561" asserts="0">
          <properties>
            <property name="_JOINTYPE" value="UnityCombinatorial" />
          </properties>
        </test-case>
        <test-case id="1003" name="Test_2" fullname="NewPlayModeTest.Test_2" methodname="Test_2" classname="NewPlayModeTest" runstate="Runnable" seed="1864435422" result="Passed" start-time="2018-09-05 07:05:20Z" end-time="2018-09-05 07:05:21Z" duration="1.044041" asserts="0">
          <properties>
            <property name="_JOINTYPE" value="UnityCombinatorial" />
          </properties>
        </test-case>
        <test-case id="1004" name="Test_3" fullname="NewPlayModeTest.Test_3" methodname="Test_3" classname="NewPlayModeTest" runstate="Runnable" seed="735646043" result="Passed" start-time="2018-09-05 07:05:21Z" end-time="2018-09-05 07:05:22Z" duration="1.043373" asserts="0">
          <properties>
            <property name="_JOINTYPE" value="UnityCombinatorial" />
          </properties>
        </test-case>
      </test-suite>
    </test-suite>
  </test-suite>
</test-run>